[debug] [2023-01-28T19:35:46.474Z] ----------------------------------------------------------------------
[debug] [2023-01-28T19:35:46.491Z] Command:       C:\Program Files\nodejs\node.exe C:\Users\test\AppData\Roaming\npm\node_modules\firebase-tools\lib\bin\firebase.js deploy
[debug] [2023-01-28T19:35:46.494Z] CLI Version:   11.21.0
[debug] [2023-01-28T19:35:46.495Z] Platform:      win32
[debug] [2023-01-28T19:35:46.495Z] Node Version:  v16.13.2
[debug] [2023-01-28T19:35:46.522Z] Time:          Sat Jan 28 2023 20:35:46 GMT+0100 (West Africa Standard Time)
[debug] [2023-01-28T19:35:46.523Z] ----------------------------------------------------------------------
[debug] 
[debug] [2023-01-28T19:35:47.085Z] > command requires scopes: ["email","openid","https://www.googleapis.com/auth/cloudplatformprojects.readonly","https://www.googleapis.com/auth/firebase","https://www.googleapis.com/auth/cloud-platform"]
[debug] [2023-01-28T19:35:47.087Z] > authorizing via signed-in user (opeoluwaoyedeji06@gmail.com)
[debug] [2023-01-28T19:35:47.087Z] [iam] checking project textify-daniel for permissions ["firebase.projects.get","firebasehosting.sites.update"]
[debug] [2023-01-28T19:35:47.092Z] > refreshing access token with scopes: []
[debug] [2023-01-28T19:35:47.103Z] >>> [apiv2][query] POST https://www.googleapis.com/oauth2/v3/token [none]
[debug] [2023-01-28T19:35:47.103Z] >>> [apiv2][body] POST https://www.googleapis.com/oauth2/v3/token [omitted]
[debug] [2023-01-28T19:35:48.960Z] <<< [apiv2][status] POST https://www.googleapis.com/oauth2/v3/token 200
[debug] [2023-01-28T19:35:48.961Z] <<< [apiv2][body] POST https://www.googleapis.com/oauth2/v3/token [omitted]
[debug] [2023-01-28T19:35:49.056Z] >>> [apiv2][query] POST https://cloudresourcemanager.googleapis.com/v1/projects/textify-daniel:testIamPermissions [none]
[debug] [2023-01-28T19:35:49.057Z] >>> [apiv2][(partial)header] POST https://cloudresourcemanager.googleapis.com/v1/projects/textify-daniel:testIamPermissions x-goog-quota-user=projects/textify-daniel
[debug] [2023-01-28T19:35:49.059Z] >>> [apiv2][body] POST https://cloudresourcemanager.googleapis.com/v1/projects/textify-daniel:testIamPermissions {"permissions":["firebase.projects.get","firebasehosting.sites.update"]}
[debug] [2023-01-28T19:35:52.300Z] <<< [apiv2][status] POST https://cloudresourcemanager.googleapis.com/v1/projects/textify-daniel:testIamPermissions 200
[debug] [2023-01-28T19:35:52.301Z] <<< [apiv2][body] POST https://cloudresourcemanager.googleapis.com/v1/projects/textify-daniel:testIamPermissions {"permissions":["firebase.projects.get","firebasehosting.sites.update"]}
[debug] [2023-01-28T19:35:52.303Z] >>> [apiv2][query] GET https://firebase.googleapis.com/v1beta1/projects/textify-daniel [none]
[debug] [2023-01-28T19:35:54.411Z] <<< [apiv2][status] GET https://firebase.googleapis.com/v1beta1/projects/textify-daniel 200
[debug] [2023-01-28T19:35:54.411Z] <<< [apiv2][body] GET https://firebase.googleapis.com/v1beta1/projects/textify-daniel {"projectId":"textify-daniel","projectNumber":"860045495471","displayName":"Textify Web App","name":"projects/textify-daniel","resources":{"hostingSite":"textify-daniel"},"state":"ACTIVE","etag":"1_61eef2d8-2768-483a-bd13-ca24cc409c5f"}
[info] 
[info] === Deploying to 'textify-daniel'...
[info] 
[info] i  deploying hosting 
[debug] [2023-01-28T19:35:54.447Z] >>> [apiv2][query] POST https://firebasehosting.googleapis.com/v1beta1/projects/-/sites/textify-daniel/versions [none]
[debug] [2023-01-28T19:35:54.447Z] >>> [apiv2][body] POST https://firebasehosting.googleapis.com/v1beta1/projects/-/sites/textify-daniel/versions {"status":"CREATED","labels":{"deployment-tool":"cli-firebase"}}
[debug] [2023-01-28T19:36:01.000Z] <<< [apiv2][status] POST https://firebasehosting.googleapis.com/v1beta1/projects/-/sites/textify-daniel/versions 200
[debug] [2023-01-28T19:36:01.001Z] <<< [apiv2][body] POST https://firebasehosting.googleapis.com/v1beta1/projects/-/sites/textify-daniel/versions {"name":"projects/860045495471/sites/textify-daniel/versions/7eac780040f08fa2","status":"CREATED","config":{},"labels":{"deployment-tool":"cli-firebase"}}
[info] i  hosting[textify-daniel]: beginning deploy... 
[info] i  hosting[textify-daniel]: found 7 files in dist 
[debug] [2023-01-28T19:36:01.019Z] [hosting] uploading with 200 concurrency
[debug] [2023-01-28T19:36:01.105Z] [hosting] hash cache [ZGlzdA] stored for 7 files
[debug] [2023-01-28T19:36:01.106Z] [hosting][hash queue][FINAL] {"max":68,"min":4,"avg":29.857142857142858,"active":0,"complete":7,"success":7,"errored":0,"retried":0,"total":7,"elapsed":75}
[debug] [2023-01-28T19:36:01.107Z] >>> [apiv2][query] POST https://firebasehosting.googleapis.com/v1beta1/projects/860045495471/sites/textify-daniel/versions/7eac780040f08fa2:populateFiles [none]
[debug] [2023-01-28T19:36:01.108Z] >>> [apiv2][body] POST https://firebasehosting.googleapis.com/v1beta1/projects/860045495471/sites/textify-daniel/versions/7eac780040f08fa2:populateFiles {"files":{"/favicon.ico":"2c19690e9587bae12f419b34d2edeecc76808099540a9c9f4ea6194116cfc8f7","/index.html":"f32a47b70082d380154e4eaa507e25a88ee5b3be103b876f26e315017798c6b9","/runtime.a1592d09fa00a6ec.js":"275433701f6faa7301f0b7d7b9b537341e3f7250f7a37e0f6e169a00a900e7ae","/styles.137f5ca0e63c5ef2.css":"790418a2b39a14f6691519c735a7535d95225d47d3499ce9487aab842c9a0671","/polyfills.5c92e6b3f599c2f7.js":"cd9f0f9b5c13f91ba63678817f45f9487db02709649ef5a93ae8ce3ca790b99a","/main.ec5d9c1f27d80559.js":"5b7cd0c08efa5e629f282567482999203d7741085208ff3ef1d17ab5ae39f547","/3rdpartylicenses.txt":"14ae8f8c26eb245ce4f6421a4f75d67243c12771fd03fbf19367acb4ae1d4713"}}
[debug] [2023-01-28T19:36:02.308Z] <<< [apiv2][status] POST https://firebasehosting.googleapis.com/v1beta1/projects/860045495471/sites/textify-daniel/versions/7eac780040f08fa2:populateFiles 200
[debug] [2023-01-28T19:36:02.308Z] <<< [apiv2][body] POST https://firebasehosting.googleapis.com/v1beta1/projects/860045495471/sites/textify-daniel/versions/7eac780040f08fa2:populateFiles {"uploadRequiredHashes":["f32a47b70082d380154e4eaa507e25a88ee5b3be103b876f26e315017798c6b9","790418a2b39a14f6691519c735a7535d95225d47d3499ce9487aab842c9a0671","5b7cd0c08efa5e629f282567482999203d7741085208ff3ef1d17ab5ae39f547"],"uploadUrl":"https://upload-firebasehosting.googleapis.com/upload/sites/textify-daniel/versions/7eac780040f08fa2/files"}
[debug] [2023-01-28T19:36:02.312Z] >>> [apiv2][query] POST https://upload-firebasehosting.googleapis.com/upload/sites/textify-daniel/versions/7eac780040f08fa2/files/f32a47b70082d380154e4eaa507e25a88ee5b3be103b876f26e315017798c6b9 [none]
[debug] [2023-01-28T19:36:02.312Z] >>> [apiv2][body] POST https://upload-firebasehosting.googleapis.com/upload/sites/textify-daniel/versions/7eac780040f08fa2/files/f32a47b70082d380154e4eaa507e25a88ee5b3be103b876f26e315017798c6b9 [stream]
[debug] [2023-01-28T19:36:02.315Z] >>> [apiv2][query] POST https://upload-firebasehosting.googleapis.com/upload/sites/textify-daniel/versions/7eac780040f08fa2/files/790418a2b39a14f6691519c735a7535d95225d47d3499ce9487aab842c9a0671 [none]
[debug] [2023-01-28T19:36:02.315Z] >>> [apiv2][body] POST https://upload-firebasehosting.googleapis.com/upload/sites/textify-daniel/versions/7eac780040f08fa2/files/790418a2b39a14f6691519c735a7535d95225d47d3499ce9487aab842c9a0671 [stream]
[debug] [2023-01-28T19:36:02.318Z] >>> [apiv2][query] POST https://upload-firebasehosting.googleapis.com/upload/sites/textify-daniel/versions/7eac780040f08fa2/files/5b7cd0c08efa5e629f282567482999203d7741085208ff3ef1d17ab5ae39f547 [none]
[debug] [2023-01-28T19:36:02.318Z] >>> [apiv2][body] POST https://upload-firebasehosting.googleapis.com/upload/sites/textify-daniel/versions/7eac780040f08fa2/files/5b7cd0c08efa5e629f282567482999203d7741085208ff3ef1d17ab5ae39f547 [stream]
[debug] [2023-01-28T19:36:02.321Z] [hosting][populate queue][FINAL] {"max":1212,"min":1212,"avg":1212,"active":0,"complete":1,"success":1,"errored":0,"retried":0,"total":1,"elapsed":1221}
[debug] [2023-01-28T19:36:02.321Z] [hosting] uploads queued: 3
[debug] [2023-01-28T19:36:04.338Z] <<< [apiv2][status] POST https://upload-firebasehosting.googleapis.com/upload/sites/textify-daniel/versions/7eac780040f08fa2/files/f32a47b70082d380154e4eaa507e25a88ee5b3be103b876f26e315017798c6b9 200
[debug] [2023-01-28T19:36:04.347Z] <<< [apiv2][body] POST https://upload-firebasehosting.googleapis.com/upload/sites/textify-daniel/versions/7eac780040f08fa2/files/f32a47b70082d380154e4eaa507e25a88ee5b3be103b876f26e315017798c6b9 [stream]
[debug] [2023-01-28T19:36:04.762Z] <<< [apiv2][status] POST https://upload-firebasehosting.googleapis.com/upload/sites/textify-daniel/versions/7eac780040f08fa2/files/790418a2b39a14f6691519c735a7535d95225d47d3499ce9487aab842c9a0671 200
[debug] [2023-01-28T19:36:04.763Z] <<< [apiv2][body] POST https://upload-firebasehosting.googleapis.com/upload/sites/textify-daniel/versions/7eac780040f08fa2/files/790418a2b39a14f6691519c735a7535d95225d47d3499ce9487aab842c9a0671 [stream]
[debug] [2023-01-28T19:36:05.596Z] <<< [apiv2][status] POST https://upload-firebasehosting.googleapis.com/upload/sites/textify-daniel/versions/7eac780040f08fa2/files/5b7cd0c08efa5e629f282567482999203d7741085208ff3ef1d17ab5ae39f547 200
[debug] [2023-01-28T19:36:05.597Z] <<< [apiv2][body] POST https://upload-firebasehosting.googleapis.com/upload/sites/textify-daniel/versions/7eac780040f08fa2/files/5b7cd0c08efa5e629f282567482999203d7741085208ff3ef1d17ab5ae39f547 [stream]
[debug] [2023-01-28T19:36:05.598Z] [hosting][upload queue][FINAL] {"max":3286,"min":2039,"avg":2592.6666666666665,"active":0,"complete":3,"success":3,"errored":0,"retried":0,"total":3,"elapsed":3289}
[info] +  hosting[textify-daniel]: file upload complete 
[debug] [2023-01-28T19:36:05.604Z] [hosting] deploy completed after 4601ms
[debug] [2023-01-28T19:36:05.615Z] [
  {
    "config": {
      "public": "dist",
      "ignore": [
        "firebase.json",
        "**/.*",
        "**/node_modules/**"
      ],
      "rewrites": [
        {
          "source": "**",
          "destination": "/index.html"
        }
      ],
      "site": "textify-daniel"
    },
    "version": "projects/860045495471/sites/textify-daniel/versions/7eac780040f08fa2"
  }
]
[info] i  hosting[textify-daniel]: finalizing version... 
[debug] [2023-01-28T19:36:05.664Z] >>> [apiv2][query] PATCH https://firebasehosting.googleapis.com/v1beta1/projects/-/sites/textify-daniel/versions/7eac780040f08fa2 updateMask=status%2Cconfig
[debug] [2023-01-28T19:36:05.664Z] >>> [apiv2][body] PATCH https://firebasehosting.googleapis.com/v1beta1/projects/-/sites/textify-daniel/versions/7eac780040f08fa2 {"status":"FINALIZED","config":{"rewrites":[{"glob":"**","path":"/index.html"}]}}
[debug] [2023-01-28T19:36:07.481Z] <<< [apiv2][status] PATCH https://firebasehosting.googleapis.com/v1beta1/projects/-/sites/textify-daniel/versions/7eac780040f08fa2 200
[debug] [2023-01-28T19:36:07.482Z] <<< [apiv2][body] PATCH https://firebasehosting.googleapis.com/v1beta1/projects/-/sites/textify-daniel/versions/7eac780040f08fa2 {"name":"projects/860045495471/sites/textify-daniel/versions/7eac780040f08fa2","status":"FINALIZED","config":{"rewrites":[{"glob":"**","path":"/index.html"}]},"labels":{"deployment-tool":"cli-firebase"},"createTime":"2023-01-28T19:35:56.333693Z","createUser":{"email":"opeoluwaoyedeji06@gmail.com"},"finalizeTime":"2023-01-28T19:36:07.346305Z","finalizeUser":{"email":"opeoluwaoyedeji06@gmail.com"}}
[debug] [2023-01-28T19:36:07.482Z] [hosting] finalized version for textify-daniel:[object Object]
[info] +  hosting[textify-daniel]: version finalized 
[info] i  hosting[textify-daniel]: releasing new version... 
[debug] [2023-01-28T19:36:07.485Z] >>> [apiv2][query] POST https://firebasehosting.googleapis.com/v1beta1/projects/-/sites/textify-daniel/channels/live/releases versionName=projects%2F860045495471%2Fsites%2Ftextify-daniel%2Fversions%2F7eac780040f08fa2
[debug] [2023-01-28T19:36:07.486Z] >>> [apiv2][body] POST https://firebasehosting.googleapis.com/v1beta1/projects/-/sites/textify-daniel/channels/live/releases {}
[debug] [2023-01-28T19:36:08.963Z] <<< [apiv2][status] POST https://firebasehosting.googleapis.com/v1beta1/projects/-/sites/textify-daniel/channels/live/releases 200
[debug] [2023-01-28T19:36:08.963Z] <<< [apiv2][body] POST https://firebasehosting.googleapis.com/v1beta1/projects/-/sites/textify-daniel/channels/live/releases {"name":"projects/860045495471/sites/textify-daniel/channels/live/releases/1674934568303131","version":{"name":"projects/860045495471/sites/textify-daniel/versions/7eac780040f08fa2","status":"FINALIZED","config":{"rewrites":[{"glob":"**","path":"/index.html"}]},"labels":{"deployment-tool":"cli-firebase"},"createTime":"2023-01-28T19:35:56.333693Z","createUser":{"email":"opeoluwaoyedeji06@gmail.com","imageUrl":"https://lh3.googleusercontent.com/a/AEdFTp6myqioXk94QhSc6FxnMFTDmlcZwdAx5kVlZlyl"},"finalizeTime":"2023-01-28T19:36:07.346305Z","finalizeUser":{"email":"opeoluwaoyedeji06@gmail.com","imageUrl":"https://lh3.googleusercontent.com/a/AEdFTp6myqioXk94QhSc6FxnMFTDmlcZwdAx5kVlZlyl"}},"type":"DEPLOY","releaseTime":"2023-01-28T19:36:08.303131240Z","releaseUser":{"email":"opeoluwaoyedeji06@gmail.com","imageUrl":"https://lh3.googleusercontent.com/a/AEdFTp6myqioXk94QhSc6FxnMFTDmlcZwdAx5kVlZlyl"}}
[debug] [2023-01-28T19:36:08.964Z] [hosting] release: {"name":"projects/860045495471/sites/textify-daniel/channels/live/releases/1674934568303131","version":{"name":"projects/860045495471/sites/textify-daniel/versions/7eac780040f08fa2","status":"FINALIZED","config":{"rewrites":[{"glob":"**","path":"/index.html"}]},"labels":{"deployment-tool":"cli-firebase"},"createTime":"2023-01-28T19:35:56.333693Z","createUser":{"email":"opeoluwaoyedeji06@gmail.com","imageUrl":"https://lh3.googleusercontent.com/a/AEdFTp6myqioXk94QhSc6FxnMFTDmlcZwdAx5kVlZlyl"},"finalizeTime":"2023-01-28T19:36:07.346305Z","finalizeUser":{"email":"opeoluwaoyedeji06@gmail.com","imageUrl":"https://lh3.googleusercontent.com/a/AEdFTp6myqioXk94QhSc6FxnMFTDmlcZwdAx5kVlZlyl"}},"type":"DEPLOY","releaseTime":"2023-01-28T19:36:08.303131240Z","releaseUser":{"email":"opeoluwaoyedeji06@gmail.com","imageUrl":"https://lh3.googleusercontent.com/a/AEdFTp6myqioXk94QhSc6FxnMFTDmlcZwdAx5kVlZlyl"}}
[info] +  hosting[textify-daniel]: release complete 
[info] 
[info] +  Deploy complete! 
[info] 
[info] Project Console: https://console.firebase.google.com/project/textify-daniel/overview
[info] Hosting URL: https://textify-daniel.web.app
[debug] [2023-01-28T19:36:14.779Z] Error: Timed out.
    at Timeout._onTimeout (C:\Users\test\AppData\Roaming\npm\node_modules\firebase-tools\lib\utils.js:253:49)
    at listOnTimeout (node:internal/timers:557:17)
    at processTimers (node:internal/timers:500:7)
[error] 
[error] Error: An unexpected error has occurred.
